SF:lib/services/base_api_service.dart
DA:19,2
DA:20,6
DA:21,2
DA:25,2
DA:31,8
DA:32,0
DA:33,0
DA:35,0
DA:37,0
DA:38,0
DA:40,0
DA:41,0
DA:42,0
DA:44,0
DA:45,0
DA:48,0
DA:50,0
DA:51,0
DA:52,0
DA:54,0
DA:58,0
DA:59,0
DA:61,0
DA:66,0
DA:67,0
DA:68,0
DA:69,0
DA:72,0
DA:73,0
DA:74,0
DA:75,0
DA:77,0
DA:78,0
DA:79,0
DA:80,0
DA:85,0
DA:87,0
DA:91,3
DA:93,1
DA:94,1
DA:97,1
DA:99,2
DA:100,1
DA:103,1
DA:108,1
DA:109,1
DA:110,2
DA:111,1
DA:112,2
DA:116,1
DA:117,0
DA:120,2
DA:123,0
DA:124,0
DA:126,0
LF:55
LH:19
end_of_record
SF:lib/models/chat.dart
DA:15,2
DA:26,0
DA:28,0
DA:31,0
DA:32,0
DA:34,0
DA:37,0
DA:38,0
DA:40,0
DA:43,0
DA:44,0
DA:48,0
DA:49,0
DA:52,0
DA:53,0
DA:54,0
DA:55,0
DA:56,0
DA:58,0
DA:61,0
DA:65,0
DA:70,0
DA:71,0
DA:72,0
DA:74,0
DA:77,0
DA:78,0
DA:79,0
DA:84,0
DA:85,0
DA:88,0
DA:89,0
DA:90,0
DA:91,0
DA:92,0
DA:93,0
DA:94,0
DA:95,0
DA:96,0
DA:97,0
DA:102,0
DA:103,0
DA:104,0
DA:105,0
DA:106,0
DA:107,0
DA:108,0
DA:109,0
DA:110,0
DA:114,6
DA:115,6
DA:116,3
DA:118,1
DA:119,1
DA:120,3
LF:55
LH:7
end_of_record
SF:lib/models/comment.dart
DA:12,0
DA:21,0
DA:22,0
DA:23,0
DA:24,0
DA:27,0
DA:28,0
DA:29,0
DA:30,0
DA:31,0
DA:32,0
DA:33,0
DA:37,0
DA:38,0
DA:39,0
DA:40,0
DA:41,0
DA:42,0
DA:43,0
DA:44,0
LF:20
LH:0
end_of_record
SF:lib/models/group_chat.dart
DA:18,3
DA:33,1
DA:34,1
DA:35,2
DA:36,1
DA:37,1
DA:38,2
DA:39,1
DA:40,3
DA:41,1
DA:42,0
DA:43,1
DA:44,1
DA:45,1
DA:46,0
DA:47,1
DA:48,1
DA:49,1
DA:50,1
DA:51,0
DA:53,1
DA:54,0
DA:56,2
DA:66,2
DA:72,1
DA:73,1
DA:74,2
DA:75,1
DA:76,2
DA:89,0
DA:98,0
DA:99,0
DA:100,0
DA:101,0
DA:102,0
DA:103,0
DA:104,0
DA:105,0
DA:107,0
DA:117,0
DA:123,0
DA:124,0
DA:125,0
DA:126,0
DA:127,0
LF:45
LH:25
end_of_record
SF:lib/models/map_pin.dart
DA:2,0
DA:30,0
DA:31,0
DA:32,0
DA:33,0
DA:34,0
DA:35,0
DA:36,0
DA:37,0
DA:38,0
DA:39,0
DA:40,0
DA:41,0
DA:42,0
DA:43,0
DA:44,0
DA:48,0
DA:49,0
DA:50,0
DA:51,0
DA:55,0
DA:56,0
DA:57,0
DA:63,0
DA:75,0
DA:76,0
DA:77,0
DA:78,0
DA:79,0
DA:80,0
LF:30
LH:0
end_of_record
SF:lib/models/message.dart
DA:19,2
DA:30,0
DA:31,0
DA:32,0
DA:33,0
DA:34,0
DA:35,0
DA:36,0
DA:37,0
DA:38,0
DA:40,0
DA:41,0
DA:42,0
DA:43,0
DA:44,0
DA:45,0
DA:46,0
DA:47,0
DA:48,0
DA:52,0
DA:53,0
DA:56,0
DA:59,0
DA:60,0
DA:61,0
DA:65,0
DA:66,0
DA:67,0
DA:68,0
DA:69,0
DA:70,0
DA:71,0
DA:72,0
DA:73,0
DA:74,0
DA:83,0
DA:88,0
DA:89,0
DA:90,0
DA:91,0
DA:92,0
DA:93,0
DA:97,0
DA:98,0
DA:100,0
DA:104,0
DA:105,0
DA:106,0
DA:107,0
LF:49
LH:1
end_of_record
SF:lib/models/post.dart
DA:16,3
DA:28,1
DA:30,3
DA:31,0
DA:32,0
DA:36,1
DA:37,1
DA:38,0
DA:39,0
DA:40,0
DA:41,0
DA:47,1
DA:48,1
DA:49,1
DA:50,1
DA:51,1
DA:52,1
DA:55,1
DA:56,1
DA:57,2
DA:58,2
DA:59,1
DA:61,2
DA:62,1
DA:63,1
DA:64,1
DA:65,0
DA:66,2
DA:67,2
DA:71,0
DA:72,0
DA:73,0
DA:74,0
DA:75,0
DA:76,0
DA:77,0
DA:78,0
DA:79,0
DA:80,0
DA:81,0
LF:40
LH:22
end_of_record
SF:lib/models/route.dart
DA:15,2
DA:28,0
DA:29,0
DA:30,0
DA:31,0
DA:32,0
DA:33,0
DA:34,0
DA:35,0
DA:36,0
DA:37,0
DA:38,0
DA:39,0
DA:40,0
DA:41,0
DA:42,0
DA:43,0
DA:44,0
DA:45,0
DA:56,1
DA:63,0
DA:64,0
DA:65,0
DA:66,0
DA:67,0
DA:68,0
DA:72,0
DA:73,0
DA:74,0
DA:75,0
DA:76,0
DA:77,0
DA:87,0
DA:92,0
DA:93,0
DA:94,0
DA:95,0
DA:97,0
LF:38
LH:2
end_of_record
SF:lib/models/story.dart
DA:13,1
DA:24,0
DA:25,0
DA:26,0
DA:27,0
DA:28,0
DA:29,0
DA:30,0
DA:31,0
DA:32,0
DA:33,0
DA:34,0
DA:35,0
DA:37,0
DA:41,0
DA:42,0
DA:43,0
DA:44,0
DA:45,0
DA:46,0
DA:47,0
DA:48,0
DA:49,0
DA:50,0
LF:24
LH:1
end_of_record
SF:lib/models/user.dart
DA:18,11
DA:34,1
DA:35,1
DA:41,1
DA:42,1
DA:47,1
DA:48,1
DA:52,2
DA:53,2
DA:54,2
DA:55,2
DA:57,2
DA:58,4
DA:59,2
DA:60,2
DA:61,2
DA:63,4
DA:64,4
DA:65,2
DA:66,2
DA:67,2
DA:68,2
DA:69,2
DA:70,0
DA:71,2
DA:72,2
DA:73,0
DA:74,2
DA:78,0
DA:79,0
DA:80,0
DA:81,0
DA:82,0
DA:83,0
DA:84,0
DA:85,0
DA:86,0
DA:87,0
DA:88,0
DA:89,0
DA:90,0
DA:91,0
DA:92,0
DA:96,0
DA:111,0
DA:112,0
DA:113,0
DA:114,0
DA:115,0
DA:116,0
DA:117,0
DA:118,0
DA:119,0
DA:120,0
DA:121,0
DA:122,0
DA:123,0
DA:124,0
LF:58
LH:26
end_of_record
SF:lib/providers/auth_provider.dart
DA:17,0
DA:18,0
DA:21,0
DA:22,0
DA:23,0
DA:24,0
DA:25,0
DA:27,0
DA:29,0
DA:30,0
DA:32,0
DA:33,0
DA:34,0
DA:38,0
DA:43,0
DA:44,0
DA:45,0
DA:46,0
DA:49,0
DA:50,0
DA:51,0
DA:52,0
DA:53,0
DA:54,0
DA:55,0
DA:57,0
DA:60,0
DA:61,0
DA:65,0
DA:67,0
DA:68,0
DA:69,0
DA:73,0
DA:74,0
DA:75,0
DA:76,0
DA:77,0
DA:78,0
DA:80,0
DA:83,0
DA:84,0
DA:88,0
DA:89,0
DA:90,0
DA:91,0
DA:94,0
DA:95,0
DA:96,0
DA:97,0
DA:98,0
DA:99,0
DA:101,0
DA:104,0
DA:105,0
DA:109,0
DA:111,0
DA:112,0
DA:113,0
DA:114,0
DA:116,0
DA:121,0
DA:123,0
DA:124,0
DA:125,0
DA:129,0
DA:130,0
DA:131,0
DA:132,0
DA:134,0
DA:137,0
DA:138,0
DA:142,0
DA:143,0
DA:144,0
DA:145,0
DA:148,0
DA:149,0
DA:150,0
DA:151,0
DA:153,0
DA:156,0
DA:157,0
DA:161,0
DA:162,0
DA:163,0
DA:165,0
DA:167,0
DA:168,0
DA:169,0
DA:171,0
DA:174,0
DA:175,0
DA:179,0
DA:181,0
DA:184,0
DA:185,0
DA:186,0
DA:190,0
LF:98
LH:0
end_of_record
SF:lib/providers/map_pin_provider.dart
DA:10,0
DA:17,0
DA:39,0
DA:40,0
DA:41,0
DA:42,0
DA:43,0
DA:44,0
DA:45,0
DA:47,0
DA:52,0
DA:53,0
DA:56,0
DA:57,0
DA:59,0
DA:60,0
DA:61,0
DA:65,0
DA:67,0
DA:68,0
DA:71,0
DA:72,0
DA:76,0
DA:77,0
DA:78,0
DA:80,0
DA:81,0
DA:83,0
DA:84,0
DA:85,0
DA:86,0
DA:87,0
DA:89,0
DA:93,0
DA:94,0
DA:98,0
DA:99,0
DA:101,0
DA:106,0
DA:112,0
DA:113,0
DA:114,0
DA:115,0
DA:118,0
DA:124,0
DA:125,0
DA:126,0
DA:127,0
DA:128,0
DA:129,0
DA:130,0
DA:131,0
DA:133,0
DA:135,0
DA:136,0
DA:140,0
DA:141,0
DA:142,0
DA:143,0
DA:144,0
DA:145,0
DA:146,0
DA:150,0
DA:151,0
DA:152,0
DA:153,0
DA:154,0
DA:157,0
DA:158,0
DA:159,0
DA:160,0
DA:161,0
DA:162,0
DA:164,0
DA:166,0
DA:168,0
DA:169,0
DA:173,0
DA:182,0
DA:184,0
DA:185,0
DA:188,0
DA:197,0
DA:198,0
DA:199,0
DA:200,0
DA:203,0
DA:204,0
DA:209,0
DA:211,0
DA:212,0
DA:213,0
DA:215,0
DA:222,0
DA:223,0
DA:224,0
DA:225,0
DA:226,0
DA:227,0
DA:228,0
DA:229,0
DA:231,0
DA:233,0
DA:235,0
DA:238,0
DA:239,0
DA:240,0
DA:241,0
DA:244,0
DA:248,0
DA:249,0
DA:250,0
DA:251,0
DA:254,0
DA:256,0
DA:257,0
DA:258,0
LF:117
LH:0
end_of_record
SF:lib/services/api_service.dart
DA:35,1
DA:36,2
DA:37,2
DA:38,2
DA:39,2
DA:40,2
DA:41,2
DA:42,2
DA:43,2
DA:44,2
DA:45,2
DA:49,0
DA:50,0
DA:52,0
DA:58,0
DA:60,0
DA:63,0
DA:64,0
DA:65,0
DA:67,0
DA:68,0
DA:69,0
DA:70,0
DA:71,0
DA:72,0
DA:73,0
DA:75,0
DA:78,0
DA:79,0
DA:80,0
DA:81,0
DA:82,0
DA:83,0
DA:84,0
DA:85,0
DA:86,0
DA:87,0
DA:88,0
DA:89,0
DA:90,0
DA:91,0
DA:94,0
DA:95,0
DA:96,0
DA:97,0
DA:99,0
DA:100,0
DA:101,0
DA:103,0
DA:104,0
DA:106,0
DA:107,0
DA:108,0
DA:109,0
DA:110,0
DA:113,0
DA:122,0
DA:132,0
DA:139,0
DA:147,0
DA:148,0
DA:151,0
DA:162,0
DA:174,0
DA:175,0
DA:177,0
DA:183,0
DA:190,0
DA:193,0
DA:194,0
DA:195,0
DA:199,0
DA:201,0
DA:202,0
DA:204,0
DA:207,0
DA:208,0
DA:209,0
DA:211,0
DA:212,0
DA:213,0
DA:219,0
DA:225,0
DA:226,0
DA:227,0
DA:230,0
DA:231,0
DA:235,0
DA:237,0
DA:238,0
DA:240,0
DA:241,0
DA:246,0
DA:248,0
DA:249,0
DA:250,0
DA:251,0
DA:253,0
DA:254,0
DA:256,0
DA:257,0
DA:258,0
DA:259,0
LF:103
LH:11
end_of_record
SF:lib/services/auth_api_service.dart
DA:11,0
DA:13,0
DA:14,0
DA:15,0
DA:21,0
DA:22,0
DA:25,0
DA:26,0
DA:29,0
DA:30,0
DA:33,0
DA:34,0
DA:35,0
DA:37,0
DA:38,0
DA:39,0
DA:40,0
DA:41,0
DA:44,0
DA:45,0
DA:48,0
DA:49,0
DA:52,0
DA:54,0
DA:55,0
DA:59,0
DA:66,0
DA:67,0
DA:68,0
DA:76,0
DA:77,0
DA:80,0
DA:81,0
DA:84,0
DA:85,0
DA:88,0
DA:89,0
DA:90,0
DA:92,0
DA:93,0
DA:94,0
DA:95,0
DA:97,0
DA:98,0
DA:99,0
DA:100,0
DA:102,0
DA:103,0
DA:104,0
DA:105,0
DA:106,0
DA:107,0
DA:112,0
DA:113,0
DA:116,0
DA:118,0
DA:119,0
DA:123,0
DA:125,0
DA:128,0
DA:130,0
DA:133,0
DA:134,0
LF:63
LH:0
end_of_record
SF:lib/services/chat_api_service.dart
DA:14,0
DA:16,0
DA:18,0
DA:19,0
DA:22,0
DA:23,0
DA:24,0
DA:27,0
DA:28,0
DA:29,0
DA:33,0
DA:35,0
DA:37,0
DA:38,0
DA:41,0
DA:42,0
DA:43,0
DA:46,0
DA:47,0
DA:48,0
DA:52,0
DA:58,0
DA:59,0
DA:60,0
DA:62,0
DA:66,0
DA:67,0
DA:70,0
DA:71,0
DA:72,0
DA:73,0
DA:77,0
DA:79,0
DA:80,0
DA:81,0
DA:85,0
DA:91,0
DA:92,0
DA:93,0
DA:95,0
DA:96,0
DA:97,0
DA:101,0
DA:107,0
DA:108,0
DA:109,0
DA:111,0
DA:112,0
DA:113,0
DA:117,0
DA:119,0
DA:120,0
DA:121,0
DA:123,0
DA:124,0
DA:125,0
DA:129,0
DA:131,0
DA:132,0
DA:133,0
DA:136,0
DA:137,0
DA:141,0
DA:142,0
DA:144,0
DA:147,0
DA:148,0
DA:149,0
DA:150,0
DA:154,0
DA:156,0
DA:157,0
DA:158,0
DA:159,0
LF:74
LH:0
end_of_record
SF:lib/services/group_chat_api_service.dart
DA:5,0
DA:7,0
DA:8,0
DA:9,0
DA:10,0
DA:16,0
DA:22,0
DA:27,0
DA:33,0
DA:35,0
DA:36,0
DA:42,0
DA:46,0
DA:47,0
DA:48,0
DA:50,0
DA:51,0
DA:52,0
DA:58,0
DA:65,0
DA:66,0
DA:67,0
DA:68,0
DA:70,0
DA:76,0
DA:78,0
DA:79,0
DA:85,0
DA:87,0
DA:88,0
DA:94,0
DA:96,0
DA:102,0
DA:104,0
LF:34
LH:0
end_of_record
SF:lib/services/location_api_service.dart
DA:11,0
DA:23,0
DA:24,0
DA:25,0
DA:26,0
DA:27,0
DA:28,0
DA:29,0
DA:30,0
DA:31,0
DA:32,0
DA:33,0
DA:34,0
DA:37,0
DA:38,0
DA:39,0
DA:43,0
DA:45,0
DA:46,0
DA:47,0
DA:49,0
DA:50,0
DA:51,0
DA:55,0
DA:62,0
DA:63,0
DA:64,0
DA:72,0
DA:73,0
DA:76,0
DA:77,0
DA:78,0
DA:79,0
DA:83,0
DA:85,0
DA:87,0
DA:88,0
DA:91,0
DA:92,0
DA:93,0
DA:94,0
LF:41
LH:0
end_of_record
SF:lib/services/location_service.dart
DA:11,0
DA:14,0
DA:15,0
DA:19,0
DA:20,0
DA:22,0
DA:23,0
DA:30,0
DA:31,0
DA:32,0
DA:33,0
DA:37,0
DA:39,0
DA:41,0
DA:44,0
DA:45,0
DA:46,0
DA:47,0
DA:50,0
DA:56,0
DA:59,0
DA:65,0
DA:69,0
DA:71,0
DA:73,0
DA:74,0
DA:75,0
DA:76,0
DA:80,0
DA:83,0
DA:86,0
DA:87,0
DA:92,0
DA:93,0
DA:94,0
DA:95,0
DA:99,0
DA:101,0
DA:107,0
DA:109,0
DA:110,0
DA:111,0
DA:112,0
DA:113,0
DA:114,0
DA:115,0
DA:119,0
DA:124,0
DA:130,0
DA:136,0
DA:142,0
DA:144,0
DA:146,0
DA:152,0
DA:159,0
DA:165,0
DA:167,0
DA:168,0
DA:173,0
DA:179,0
DA:183,0
DA:184,0
DA:188,0
DA:189,0
LF:64
LH:0
end_of_record
SF:lib/services/map_pin_api_service.dart
DA:12,0
DA:22,0
DA:23,0
DA:24,0
DA:25,0
DA:26,0
DA:27,0
DA:28,0
DA:29,0
DA:30,0
DA:31,0
DA:35,0
DA:36,0
DA:39,0
DA:40,0
DA:41,0
DA:42,0
DA:46,0
DA:54,0
DA:55,0
DA:56,0
DA:57,0
DA:58,0
DA:59,0
DA:60,0
DA:61,0
DA:65,0
DA:66,0
DA:69,0
DA:70,0
DA:71,0
DA:74,0
DA:75,0
DA:76,0
DA:80,0
DA:82,0
DA:84,0
DA:85,0
DA:88,0
DA:89,0
DA:90,0
DA:93,0
DA:94,0
DA:95,0
DA:99,0
DA:101,0
DA:102,0
DA:103,0
DA:104,0
LF:49
LH:0
end_of_record
SF:lib/services/notification_api_service.dart
DA:16,0
DA:23,0
DA:29,0
DA:33,0
DA:36,0
DA:37,0
DA:41,0
DA:42,0
DA:45,0
DA:46,0
DA:49,0
DA:51,0
DA:52,0
DA:54,0
DA:56,0
DA:58,0
DA:59,0
DA:60,0
DA:61,0
DA:63,0
DA:65,0
DA:71,0
DA:73,0
DA:74,0
DA:77,0
DA:78,0
DA:81,0
DA:82,0
DA:84,0
DA:85,0
DA:86,0
DA:87,0
DA:89,0
DA:91,0
DA:97,0
DA:99,0
DA:100,0
DA:103,0
DA:104,0
DA:107,0
DA:108,0
DA:110,0
DA:111,0
DA:112,0
DA:113,0
DA:115,0
DA:117,0
DA:123,0
DA:125,0
DA:126,0
DA:129,0
DA:130,0
DA:133,0
DA:134,0
DA:136,0
DA:137,0
DA:138,0
DA:139,0
DA:141,0
DA:143,0
DA:149,0
DA:151,0
DA:152,0
DA:155,0
DA:156,0
DA:159,0
DA:160,0
DA:162,0
DA:163,0
DA:164,0
DA:165,0
DA:167,0
DA:169,0
DA:175,0
DA:177,0
DA:178,0
DA:180,0
LF:77
LH:0
end_of_record
SF:lib/services/post_api_service.dart
DA:18,0
DA:20,0
DA:22,0
DA:23,0
DA:26,0
DA:27,0
DA:28,0
DA:31,0
DA:32,0
DA:33,0
DA:37,0
DA:39,0
DA:40,0
DA:41,0
DA:47,0
DA:48,0
DA:51,0
DA:52,0
DA:53,0
DA:56,0
DA:57,0
DA:58,0
DA:62,0
DA:64,0
DA:66,0
DA:68,0
DA:71,0
DA:73,0
DA:74,0
DA:79,0
DA:82,0
DA:83,0
DA:84,0
DA:86,0
DA:87,0
DA:91,0
DA:96,0
DA:97,0
DA:100,0
DA:106,0
DA:107,0
DA:109,0
DA:110,0
DA:113,0
DA:114,0
DA:117,0
DA:119,0
DA:120,0
DA:124,0
DA:126,0
DA:127,0
DA:128,0
DA:130,0
DA:131,0
DA:132,0
DA:134,0
DA:135,0
DA:136,0
DA:142,0
DA:143,0
DA:144,0
DA:147,0
DA:151,0
DA:153,0
DA:154,0
DA:155,0
DA:156,0
DA:160,0
DA:162,0
DA:163,0
DA:164,0
DA:166,0
DA:167,0
DA:168,0
DA:172,0
DA:174,0
DA:176,0
DA:178,0
DA:181,0
DA:183,0
DA:184,0
DA:186,0
DA:187,0
DA:188,0
DA:190,0
DA:191,0
DA:192,0
DA:194,0
DA:198,0
DA:200,0
DA:201,0
DA:202,0
DA:204,0
DA:205,0
DA:206,0
DA:210,0
DA:212,0
DA:213,0
DA:214,0
DA:215,0
LF:100
LH:0
end_of_record
SF:lib/services/route_api_service.dart
DA:5,0
DA:7,0
DA:8,0
DA:9,0
DA:15,0
DA:16,0
DA:19,0
DA:21,0
DA:22,0
DA:23,0
DA:29,0
DA:30,0
DA:33,0
DA:34,0
DA:35,0
DA:38,0
DA:44,0
DA:45,0
DA:46,0
DA:54,0
DA:57,0
DA:58,0
DA:59,0
DA:60,0
DA:64,0
DA:65,0
LF:26
LH:0
end_of_record
SF:lib/services/socket_service.dart
DA:10,0
DA:23,0
DA:24,0
DA:25,0
DA:26,0
DA:30,0
DA:31,0
DA:47,0
DA:48,0
DA:49,0
DA:50,0
DA:51,0
DA:52,0
DA:53,0
DA:54,0
DA:55,0
DA:56,0
DA:57,0
DA:58,0
DA:72,0
DA:73,0
DA:74,0
DA:75,0
DA:76,0
DA:77,0
DA:78,0
DA:79,0
DA:80,0
DA:81,0
DA:83,0
DA:84,0
DA:86,0
DA:87,0
DA:88,0
DA:90,0
DA:91,0
DA:92,0
DA:93,0
DA:97,0
DA:101,0
DA:102,0
DA:105,0
DA:106,0
DA:107,0
DA:108,0
DA:110,0
DA:114,0
DA:115,0
DA:119,0
DA:120,0
DA:121,0
DA:122,0
DA:123,0
DA:124,0
DA:128,0
DA:129,0
DA:130,0
DA:134,0
DA:136,0
DA:138,0
DA:140,0
DA:141,0
DA:142,0
DA:143,0
DA:144,0
DA:145,0
DA:148,0
DA:149,0
DA:150,0
DA:151,0
DA:152,0
DA:154,0
DA:155,0
DA:156,0
DA:158,0
DA:160,0
DA:162,0
DA:164,0
DA:166,0
DA:169,0
DA:170,0
DA:171,0
DA:172,0
DA:173,0
DA:176,0
DA:177,0
DA:178,0
DA:179,0
DA:180,0
DA:183,0
DA:184,0
DA:185,0
DA:186,0
DA:187,0
DA:190,0
DA:192,0
DA:193,0
DA:194,0
DA:196,0
DA:197,0
DA:198,0
DA:199,0
DA:200,0
DA:201,0
DA:202,0
DA:203,0
DA:204,0
DA:206,0
DA:207,0
DA:208,0
DA:209,0
DA:210,0
DA:213,0
DA:214,0
DA:215,0
DA:218,0
DA:219,0
DA:220,0
DA:223,0
DA:224,0
DA:225,0
DA:228,0
DA:229,0
DA:230,0
DA:234,0
DA:237,0
DA:238,0
DA:241,0
DA:242,0
DA:245,0
DA:246,0
DA:250,0
DA:251,0
DA:252,0
DA:253,0
DA:254,0
DA:255,0
DA:256,0
DA:260,0
DA:261,0
DA:264,0
DA:265,0
DA:268,0
DA:269,0
DA:270,0
DA:278,0
DA:279,0
DA:282,0
DA:283,0
DA:286,0
DA:287,0
DA:290,0
DA:291,0
DA:294,0
DA:295,0
DA:296,0
DA:299,0
DA:301,0
DA:302,0
DA:303,0
DA:304,0
DA:305,0
DA:306,0
DA:307,0
DA:308,0
DA:309,0
DA:310,0
DA:311,0
DA:312,0
DA:313,0
DA:314,0
LF:171
LH:0
end_of_record
SF:lib/services/story_api_service.dart
DA:8,0
DA:9,0
DA:10,0
DA:11,0
DA:17,0
DA:18,0
DA:21,0
DA:26,0
DA:28,0
DA:29,0
DA:32,0
DA:33,0
DA:34,0
DA:40,0
DA:41,0
DA:45,0
DA:48,0
DA:49,0
DA:52,0
DA:54,0
DA:55,0
DA:56,0
DA:62,0
DA:63,0
LF:24
LH:0
end_of_record
SF:lib/services/user_api_service.dart
DA:18,0
DA:20,0
DA:22,0
DA:23,0
DA:26,0
DA:27,0
DA:28,0
DA:31,0
DA:32,0
DA:33,0
DA:36,0
DA:37,0
DA:38,0
DA:40,0
DA:41,0
DA:44,0
DA:45,0
DA:46,0
DA:49,0
DA:51,0
DA:52,0
DA:56,0
DA:58,0
DA:60,0
DA:61,0
DA:62,0
DA:65,0
DA:66,0
DA:67,0
DA:68,0
DA:69,0
DA:73,0
DA:79,0
DA:80,0
DA:81,0
DA:82,0
DA:85,0
DA:87,0
DA:88,0
DA:89,0
DA:92,0
DA:93,0
DA:94,0
DA:95,0
DA:96,0
DA:100,0
DA:102,0
DA:104,0
DA:106,0
DA:109,0
DA:114,0
DA:115,0
DA:116,0
DA:118,0
DA:119,0
DA:123,0
DA:128,0
DA:129,0
DA:132,0
DA:137,0
DA:138,0
DA:140,0
DA:141,0
DA:144,0
DA:145,0
DA:148,0
DA:150,0
DA:151,0
DA:155,0
DA:157,0
DA:158,0
DA:159,0
DA:160,0
DA:164,0
DA:166,0
DA:167,0
DA:168,0
DA:169,0
DA:173,0
DA:175,0
DA:176,0
DA:177,0
DA:180,0
DA:181,0
DA:184,0
DA:185,0
DA:186,0
DA:189,0
DA:190,0
DA:191,0
DA:195,0
DA:200,0
DA:201,0
DA:202,0
DA:203,0
DA:204,0
DA:208,0
DA:209,0
DA:210,0
DA:213,0
DA:214,0
DA:215,0
DA:216,0
DA:217,0
DA:221,0
DA:223,0
DA:224,0
DA:225,0
DA:226,0
DA:232,0
DA:234,0
DA:235,0
DA:236,0
DA:237,0
DA:243,0
DA:245,0
DA:246,0
LF:117
LH:0
end_of_record
SF:lib/services/webrtc_service.dart
DA:13,0
DA:18,0
DA:19,0
DA:22,0
DA:23,0
DA:24,0
DA:27,0
DA:28,0
DA:31,0
DA:32,0
DA:35,0
DA:36,0
DA:39,0
DA:40,0
DA:43,0
DA:49,0
DA:50,0
DA:51,0
DA:56,0
DA:59,0
DA:60,0
DA:61,0
DA:62,0
DA:65,0
DA:66,0
DA:68,0
DA:69,0
DA:71,0
DA:72,0
DA:73,0
DA:75,0
DA:76,0
DA:78,0
DA:81,0
DA:82,0
DA:83,0
DA:84,0
DA:85,0
DA:90,0
DA:91,0
DA:92,0
DA:94,0
DA:95,0
DA:97,0
DA:100,0
DA:101,0
DA:103,0
DA:104,0
DA:107,0
DA:108,0
DA:109,0
DA:112,0
DA:113,0
DA:115,0
DA:118,0
DA:119,0
DA:121,0
DA:122,0
DA:123,0
DA:128,0
DA:129,0
DA:131,0
DA:132,0
DA:133,0
DA:134,0
DA:139,0
DA:140,0
DA:141,0
DA:142,0
DA:146,0
DA:147,0
DA:148,0
DA:152,0
DA:153,0
DA:156,0
DA:157,0
DA:158,0
DA:160,0
DA:167,0
DA:168,0
DA:169,0
DA:170,0
DA:171,0
DA:172,0
DA:175,0
DA:176,0
DA:177,0
LF:87
LH:0
end_of_record
SF:lib/screens/story_view_screen.dart
DA:12,1
DA:18,1
DA:19,1
DA:28,1
DA:30,1
DA:31,3
DA:32,1
DA:33,1
DA:36,1
DA:38,2
DA:39,1
DA:42,1
DA:43,1
DA:44,1
DA:45,3
DA:46,1
DA:47,2
DA:48,4
DA:49,2
DA:50,1
DA:57,1
DA:58,6
DA:59,0
DA:60,0
DA:61,0
DA:62,0
DA:65,2
DA:66,3
DA:67,2
DA:72,0
DA:73,0
DA:74,0
DA:75,0
DA:76,0
DA:77,0
DA:80,0
DA:81,0
DA:86,1
DA:88,4
DA:89,4
DA:91,0
DA:95,1
DA:97,4
DA:98,1
DA:100,1
DA:102,1
DA:103,1
DA:105,1
DA:106,1
DA:107,0
DA:108,0
DA:109,0
DA:110,0
DA:112,0
DA:115,1
DA:116,2
DA:120,0
DA:123,1
DA:132,1
DA:133,1
DA:134,1
DA:136,1
DA:139,1
DA:140,5
DA:141,1
DA:142,1
DA:144,1
DA:145,2
DA:147,3
DA:149,1
DA:161,1
DA:163,1
DA:164,1
DA:165,1
DA:166,2
DA:170,1
DA:171,2
DA:179,1
DA:181,0
LF:79
LH:59
end_of_record
SF:lib/widgets/profile_avatar.dart
DA:17,7
DA:26,7
DA:31,7
DA:33,1
DA:36,15
DA:37,8
DA:40,7
DA:41,14
DA:42,14
DA:47,7
DA:49,4
DA:52,2
DA:53,2
DA:54,2
DA:55,4
DA:59,4
DA:61,12
DA:66,7
DA:67,0
DA:68,0
DA:69,0
DA:70,0
DA:72,0
DA:73,0
DA:82,7
DA:83,0
DA:95,2
DA:103,3
DA:105,3
DA:106,3
DA:107,3
DA:108,3
DA:109,3
DA:111,3
DA:112,3
DA:115,3
DA:116,6
DA:117,6
DA:118,3
DA:121,3
DA:125,3
DA:126,3
DA:129,3
DA:135,3
DA:136,6
DA:137,6
DA:146,3
DA:148,3
DA:150,3
DA:152,3
DA:154,2
LF:51
LH:44
end_of_record
SF:lib/utils/url_utils.dart
DA:4,2
DA:5,0
DA:8,0
DA:12,0
DA:13,0
DA:16,0
DA:17,0
DA:18,0
DA:19,0
DA:20,0
DA:21,0
DA:24,0
DA:25,0
DA:28,0
LF:14
LH:1
end_of_record
SF:lib/models/notification.dart
DA:14,0
DA:25,0
DA:26,0
DA:27,0
DA:28,0
DA:29,0
DA:30,0
DA:31,0
DA:32,0
DA:33,0
DA:35,0
DA:36,0
DA:37,0
DA:38,0
DA:42,0
DA:43,0
DA:44,0
DA:45,0
DA:46,0
DA:47,0
DA:48,0
DA:49,0
DA:50,0
DA:51,0
DA:55,0
DA:56,0
DA:57,0
DA:59,0
DA:60,0
DA:61,0
DA:62,0
DA:63,0
DA:64,0
DA:65,0
DA:66,0
DA:68,0
DA:73,0
DA:74,0
DA:75,0
DA:80,0
DA:85,0
DA:90,0
DA:108,2
LF:43
LH:1
end_of_record
SF:lib/services/storage_service.dart
DA:6,0
DA:7,0
DA:10,0
DA:11,0
DA:14,0
DA:15,0
DA:18,0
DA:19,0
LF:8
LH:0
end_of_record
SF:lib/screens/group_chat_screen.dart
DA:20,1
DA:26,1
DA:27,1
DA:39,1
DA:41,1
DA:42,1
DA:46,1
DA:47,2
DA:48,3
DA:49,1
DA:50,2
DA:51,0
DA:52,0
DA:53,0
DA:54,0
DA:55,0
DA:64,1
DA:66,1
DA:67,3
DA:70,1
DA:72,4
DA:73,2
DA:74,2
DA:75,2
DA:76,1
DA:81,1
DA:82,2
DA:83,1
DA:84,1
DA:88,2
DA:89,3
DA:91,4
DA:93,1
DA:94,8
DA:96,1
DA:97,3
DA:98,3
DA:99,1
DA:102,1
DA:103,2
DA:104,1
DA:106,2
DA:109,0
DA:110,0
DA:111,0
DA:112,0
DA:118,1
DA:119,3
DA:121,3
DA:124,1
DA:125,1
DA:126,4
DA:128,1
DA:130,1
DA:131,3
DA:136,0
DA:138,0
DA:139,0
DA:140,0
DA:141,0
DA:144,0
DA:147,0
DA:148,0
DA:149,0
DA:153,0
DA:158,1
DA:159,3
DA:160,2
DA:161,2
DA:170,0
DA:171,0
DA:173,0
DA:174,0
DA:177,0
DA:178,0
DA:182,0
DA:183,0
DA:184,0
DA:186,0
DA:189,0
DA:190,0
DA:191,0
DA:197,0
DA:198,0
DA:201,0
DA:204,0
DA:205,0
DA:206,0
DA:207,0
DA:208,0
DA:209,0
DA:210,0
DA:211,0
DA:212,0
DA:218,0
DA:219,0
DA:220,0
DA:226,1
DA:228,1
DA:229,1
DA:230,1
DA:232,1
DA:233,3
DA:234,1
DA:235,1
DA:236,4
DA:241,1
DA:242,4
DA:243,3
DA:244,0
DA:245,0
DA:246,0
DA:250,0
DA:251,0
DA:255,1
DA:257,1
DA:260,2
DA:261,0
DA:263,0
DA:264,0
DA:266,0
DA:267,0
DA:268,0
DA:274,1
DA:276,0
DA:277,0
DA:278,0
DA:280,0
DA:281,0
DA:282,0
DA:283,0
DA:291,1
DA:293,0
DA:294,0
DA:295,0
DA:302,1
DA:303,1
DA:304,1
DA:306,1
DA:307,1
DA:308,1
DA:310,4
DA:311,0
DA:314,0
DA:315,0
DA:316,0
DA:317,0
DA:318,0
DA:319,0
DA:322,0
DA:323,0
DA:333,1
DA:334,1
DA:335,1
DA:338,2
DA:339,0
DA:340,0
DA:341,0
DA:342,0
DA:344,0
DA:350,1
DA:357,0
DA:358,0
DA:360,0
DA:364,0
DA:365,0
DA:366,0
DA:367,0
DA:370,0
DA:371,0
DA:374,0
DA:376,0
DA:378,0
DA:379,0
DA:380,0
DA:382,0
DA:387,0
DA:390,0
DA:393,0
DA:396,0
DA:397,0
DA:399,0
DA:400,0
DA:401,0
DA:407,0
DA:410,0
DA:411,0
DA:412,0
DA:419,0
DA:420,0
DA:421,0
DA:422,0
DA:437,1
DA:438,1
DA:439,1
DA:441,1
DA:442,3
DA:443,1
DA:444,1
DA:445,1
DA:451,1
DA:452,1
DA:454,1
DA:455,1
DA:456,1
DA:459,1
DA:460,1
DA:477,1
DA:479,1
DA:480,3
DA:481,1
DA:482,1
DA:483,1
DA:489,1
DA:490,1
DA:491,1
DA:492,1
DA:495,0
DA:497,1
DA:498,1
DA:499,1
DA:505,0
DA:508,1
DA:510,1
DA:518,0
DA:519,0
DA:522,1
DA:523,1
DA:525,1
DA:528,1
DA:529,1
DA:530,2
DA:531,2
DA:533,1
DA:535,1
DA:537,1
DA:538,1
DA:540,1
DA:542,1
DA:544,1
DA:545,2
DA:546,2
DA:549,1
DA:550,2
DA:551,2
DA:556,0
DA:564,0
DA:566,1
DA:567,1
DA:569,1
DA:570,1
DA:571,1
DA:572,1
DA:573,1
DA:574,1
DA:577,3
DA:578,3
DA:579,1
DA:582,1
DA:585,1
DA:586,1
DA:587,4
DA:588,1
DA:589,2
DA:590,1
DA:591,1
DA:592,2
DA:596,0
DA:597,0
DA:598,0
DA:611,1
DA:612,1
DA:613,0
DA:622,0
DA:623,0
DA:624,0
DA:625,0
DA:626,0
DA:627,0
DA:628,0
DA:630,0
DA:631,0
DA:632,0
DA:633,0
DA:634,0
DA:636,0
DA:638,0
DA:639,0
DA:640,0
DA:641,0
DA:643,0
DA:644,0
DA:645,0
DA:648,0
DA:649,0
DA:651,0
DA:654,0
DA:655,0
DA:657,0
DA:659,0
DA:660,0
DA:661,0
DA:662,0
DA:663,0
DA:665,0
DA:666,0
DA:667,0
DA:675,0
DA:678,0
DA:679,0
DA:680,0
DA:681,0
DA:682,0
DA:683,0
DA:684,0
DA:685,0
DA:686,0
DA:687,0
DA:691,0
DA:692,0
DA:693,0
DA:704,0
DA:705,0
DA:706,0
LF:324
LH:150
end_of_record
SF:lib/theme/app_theme.dart
DA:11,0
DA:12,0
DA:28,0
DA:31,0
DA:32,0
DA:35,0
DA:36,0
DA:40,0
DA:41,0
DA:45,0
DA:46,0
DA:50,0
DA:53,0
DA:54,0
DA:55,0
DA:57,0
DA:58,0
DA:59,0
DA:61,0
DA:62,0
DA:65,0
DA:66,0
LF:22
LH:0
end_of_record
SF:lib/widgets/async_state_builder.dart
DA:22,4
DA:35,4
DA:38,4
DA:47,4
DA:48,0
DA:49,0
DA:51,0
DA:53,0
DA:60,0
DA:61,0
DA:65,0
DA:67,0
DA:68,0
DA:71,0
DA:88,4
DA:89,2
DA:90,2
DA:92,2
DA:94,2
DA:95,2
DA:96,2
DA:101,2
DA:102,2
DA:109,2
DA:111,0
DA:112,0
DA:113,0
DA:117,0
DA:127,4
LF:29
LH:15
end_of_record
SF:lib/screens/route_details_screen.dart
DA:13,0
DA:15,0
DA:18,0
DA:20,0
DA:21,0
DA:24,0
DA:25,0
DA:26,0
DA:27,0
DA:29,0
DA:30,0
DA:31,0
DA:32,0
DA:34,0
DA:35,0
DA:37,0
DA:41,0
DA:42,0
DA:43,0
DA:46,0
DA:47,0
DA:49,0
DA:56,0
DA:58,0
DA:59,0
DA:60,0
DA:64,0
DA:65,0
DA:66,0
DA:76,0
DA:78,0
DA:79,0
DA:86,0
DA:87,0
DA:89,0
DA:91,0
DA:92,0
DA:96,0
DA:97,0
DA:101,0
DA:102,0
DA:103,0
DA:104,0
DA:111,0
DA:112,0
DA:113,0
DA:114,0
DA:115,0
DA:116,0
DA:119,0
DA:129,0
DA:136,0
DA:138,0
DA:139,0
DA:143,0
DA:145,0
DA:146,0
DA:148,0
DA:149,0
DA:152,0
DA:154,0
DA:155,0
DA:156,0
DA:166,0
DA:167,0
DA:168,0
DA:171,0
DA:172,0
DA:176,0
DA:177,0
DA:190,0
DA:192,0
DA:193,0
DA:194,0
DA:196,0
DA:198,0
LF:76
LH:0
end_of_record
SF:lib/screens/live_ride_screen.dart
DA:16,1
DA:22,1
DA:23,1
DA:35,1
DA:37,1
DA:38,2
DA:39,3
DA:40,3
DA:41,1
DA:44,1
DA:46,4
DA:47,5
DA:48,1
DA:49,1
DA:50,2
DA:51,2
DA:52,3
DA:53,2
DA:54,2
DA:62,3
DA:63,0
DA:64,0
DA:65,0
DA:71,1
DA:72,1
DA:73,2
DA:75,4
DA:77,2
DA:78,2
DA:79,1
DA:83,0
DA:84,0
DA:85,0
DA:86,0
DA:90,1
DA:92,1
DA:93,0
DA:95,1
DA:98,1
DA:100,1
DA:101,1
DA:102,1
DA:104,1
DA:105,1
DA:110,1
DA:111,1
DA:116,1
DA:117,4
DA:118,1
DA:119,1
DA:124,4
DA:125,4
DA:126,0
DA:128,1
DA:132,1
DA:133,1
DA:136,1
DA:138,1
DA:139,2
DA:144,1
DA:150,1
DA:151,4
DA:154,1
DA:156,1
DA:157,1
DA:159,1
DA:161,0
DA:164,1
DA:167,1
DA:169,1
DA:171,1
DA:172,3
DA:178,3
DA:184,1
DA:188,1
DA:190,1
DA:191,1
DA:192,1
DA:194,1
DA:196,1
DA:198,1
DA:200,1
DA:202,1
DA:203,1
DA:204,1
DA:205,1
DA:206,1
DA:211,1
DA:212,1
DA:213,1
DA:214,1
DA:215,1
DA:222,1
DA:223,1
DA:225,1
DA:226,4
LF:96
LH:86
end_of_record
SF:lib/widgets/sos_button.dart
DA:10,1
DA:12,1
DA:13,1
DA:21,1
DA:23,1
DA:24,2
DA:27,1
DA:30,1
DA:32,2
DA:33,1
DA:36,0
DA:37,0
DA:40,0
DA:41,0
DA:43,0
DA:44,0
DA:45,0
DA:51,0
DA:52,0
DA:55,0
DA:56,0
DA:57,0
DA:60,0
DA:61,0
DA:68,0
DA:69,0
DA:70,0
DA:73,0
DA:77,1
DA:79,1
DA:80,1
DA:81,1
DA:82,1
DA:83,1
DA:84,1
DA:86,1
DA:89,1
DA:90,1
DA:91,1
DA:92,4
DA:93,4
DA:97,1
LF:42
LH:24
end_of_record
SF:lib/screens/home_screen.dart
DA:14,1
DA:16,1
DA:17,1
DA:32,1
DA:34,1
DA:35,2
DA:36,3
DA:37,2
DA:38,2
DA:39,3
DA:41,2
DA:42,0
DA:43,4
DA:44,1
DA:48,3
DA:49,1
DA:50,3
DA:53,1
DA:55,2
DA:56,2
DA:57,1
DA:60,0
DA:61,0
DA:62,0
DA:63,0
DA:67,1
DA:68,2
DA:69,1
DA:71,0
DA:75,1
DA:76,1
DA:78,2
DA:79,1
DA:80,1
DA:84,2
DA:85,3
DA:86,1
DA:89,2
DA:90,3
DA:91,4
DA:92,1
DA:94,1
DA:95,2
DA:96,1
DA:97,1
DA:101,0
DA:102,0
DA:103,0
DA:104,0
DA:108,1
DA:109,2
DA:110,1
DA:116,1
DA:117,1
DA:119,2
DA:120,1
DA:121,1
DA:125,2
DA:127,1
DA:128,2
DA:129,2
DA:130,2
DA:134,0
DA:135,0
DA:136,0
DA:137,0
DA:141,1
DA:142,2
DA:143,1
DA:149,0
DA:151,0
DA:152,0
DA:154,0
DA:156,0
DA:158,0
DA:159,0
DA:160,0
DA:167,1
DA:169,1
DA:170,1
DA:173,1
DA:174,1
DA:176,0
DA:177,0
DA:179,0
DA:180,0
DA:184,1
DA:186,0
DA:187,0
DA:189,0
DA:194,1
DA:195,1
DA:196,2
DA:203,1
DA:204,1
DA:206,1
DA:207,1
DA:208,1
DA:209,1
DA:211,1
DA:212,1
DA:213,1
DA:214,2
DA:220,1
DA:221,1
DA:222,1
DA:235,1
DA:236,3
DA:238,1
DA:239,0
DA:240,0
DA:242,0
DA:243,0
DA:246,0
DA:247,0
DA:248,0
DA:249,0
DA:252,0
DA:253,0
DA:254,0
DA:255,0
DA:260,0
DA:261,0
DA:268,2
DA:269,1
DA:270,1
DA:272,1
DA:273,1
DA:274,2
DA:278,1
DA:281,1
DA:284,1
DA:285,1
DA:292,1
DA:293,1
DA:295,4
DA:296,1
DA:297,3
DA:306,2
DA:307,2
DA:308,3
DA:310,1
DA:311,1
DA:312,1
DA:313,1
DA:314,2
DA:315,2
DA:316,2
DA:317,1
DA:318,2
DA:319,2
DA:321,0
DA:322,0
DA:323,0
DA:325,0
DA:326,0
DA:330,0
DA:333,2
DA:334,3
DA:335,3
DA:336,0
DA:337,0
DA:339,0
DA:340,0
DA:341,0
LF:165
LH:111
end_of_record
SF:lib/screens/chat_detail_screen.dart
DA:13,1
DA:18,1
DA:19,1
DA:31,1
DA:33,1
DA:34,3
DA:35,1
DA:38,1
DA:40,2
DA:41,2
DA:42,1
DA:45,1
DA:47,2
DA:48,1
DA:49,1
DA:52,5
DA:54,2
DA:55,1
DA:56,1
DA:60,5
DA:63,3
DA:64,2
DA:65,2
DA:66,3
DA:73,0
DA:74,0
DA:75,0
DA:76,0
DA:81,1
DA:82,2
DA:85,2
DA:86,3
DA:91,2
DA:92,2
DA:95,2
DA:98,3
DA:99,2
DA:100,2
DA:101,3
DA:108,0
DA:114,0
DA:116,0
DA:117,0
DA:120,0
DA:126,0
DA:128,0
DA:129,0
DA:130,0
DA:134,0
DA:136,0
DA:140,0
DA:146,0
DA:150,1
DA:152,1
DA:153,1
DA:154,1
DA:155,1
DA:156,1
DA:158,3
DA:159,0
DA:161,3
DA:162,1
DA:163,5
DA:169,1
DA:171,1
DA:172,1
DA:173,3
DA:179,1
DA:180,4
DA:181,1
DA:183,1
DA:190,1
DA:191,1
DA:193,0
DA:194,0
DA:196,0
DA:198,0
DA:199,0
DA:202,0
DA:203,0
DA:206,0
DA:209,0
DA:210,0
DA:211,0
DA:213,0
DA:217,0
DA:218,0
DA:219,0
DA:222,0
DA:223,0
DA:225,0
DA:226,0
DA:227,0
DA:228,0
DA:229,0
DA:232,0
DA:233,0
DA:240,0
DA:241,0
DA:243,0
DA:244,0
DA:266,1
DA:267,1
DA:268,1
DA:269,1
DA:271,1
DA:272,0
DA:273,0
DA:275,0
DA:276,0
DA:277,0
DA:278,0
DA:279,0
DA:285,0
DA:286,0
DA:292,2
DA:302,1
DA:303,1
DA:306,2
DA:307,1
DA:308,2
DA:309,3
DA:310,3
DA:312,1
DA:315,0
DA:316,0
DA:317,0
DA:318,0
DA:323,1
DA:324,0
DA:326,0
DA:327,0
DA:328,0
DA:332,1
DA:334,1
DA:335,2
DA:336,1
DA:337,1
DA:338,1
DA:344,1
DA:345,1
DA:346,1
DA:348,0
DA:349,0
DA:350,0
DA:354,1
DA:356,0
DA:358,1
DA:360,0
DA:362,1
DA:363,1
DA:364,1
DA:373,1
DA:375,2
DA:376,2
DA:395,1
DA:403,1
DA:405,1
DA:406,1
DA:407,1
DA:410,1
DA:411,1
DA:412,2
DA:413,2
DA:414,1
DA:416,1
DA:418,1
DA:419,1
DA:420,1
DA:421,1
DA:422,3
DA:428,3
DA:429,1
DA:430,2
DA:431,1
DA:433,1
DA:436,0
DA:437,0
DA:438,0
DA:443,0
DA:444,0
DA:445,1
DA:446,1
DA:448,1
DA:449,1
DA:450,3
DA:451,1
DA:453,1
DA:456,2
DA:458,1
DA:459,3
DA:461,3
DA:474,1
DA:475,7
LF:194
LH:121
end_of_record
SF:lib/screens/chat_list_screen.dart
DA:8,2
DA:10,1
DA:11,1
DA:20,1
DA:22,1
DA:23,3
DA:24,1
DA:27,1
DA:29,2
DA:30,1
DA:31,1
DA:34,2
DA:35,2
DA:36,1
DA:37,1
DA:40,2
DA:41,3
DA:42,1
DA:46,2
DA:47,0
DA:48,0
DA:54,1
DA:56,1
DA:57,1
DA:65,1
DA:66,1
DA:68,0
DA:72,1
DA:73,1
DA:74,1
DA:76,1
DA:77,1
DA:78,1
DA:80,1
DA:81,1
DA:82,1
DA:83,1
DA:84,3
DA:90,1
DA:91,1
DA:97,2
DA:107,1
DA:108,2
DA:109,1
DA:110,2
DA:111,1
DA:113,0
DA:114,0
DA:116,0
DA:117,0
DA:118,0
DA:134,1
DA:140,1
DA:142,1
DA:143,1
DA:144,1
DA:146,2
DA:147,0
DA:149,2
DA:150,1
DA:151,4
DA:156,1
DA:157,2
DA:163,1
DA:164,3
DA:165,1
DA:167,3
DA:172,1
DA:175,1
DA:176,1
DA:177,3
DA:183,3
DA:184,1
DA:187,1
DA:188,2
DA:191,1
DA:192,3
DA:205,1
DA:206,1
DA:207,1
DA:209,2
DA:210,7
DA:211,0
DA:213,0
DA:214,0
DA:216,0
LF:86
LH:73
end_of_record
SF:lib/screens/comments_screen.dart
DA:11,0
DA:16,0
DA:17,0
DA:28,0
DA:30,0
DA:31,0
DA:32,0
DA:33,0
DA:36,0
DA:38,0
DA:39,0
DA:40,0
DA:43,0
DA:44,0
DA:45,0
DA:49,0
DA:50,0
DA:52,0
DA:53,0
DA:54,0
DA:58,0
DA:59,0
DA:60,0
DA:61,0
DA:65,0
DA:66,0
DA:67,0
DA:68,0
DA:72,0
DA:73,0
DA:74,0
DA:80,0
DA:81,0
DA:82,0
DA:85,0
DA:86,0
DA:87,0
DA:90,0
DA:91,0
DA:92,0
DA:99,0
DA:101,0
DA:102,0
DA:105,0
DA:106,0
DA:107,0
DA:108,0
DA:110,0
DA:111,0
DA:112,0
DA:114,0
DA:115,0
DA:116,0
DA:117,0
DA:118,0
DA:123,0
DA:124,0
DA:130,0
DA:137,0
DA:138,0
DA:140,0
DA:141,0
DA:142,0
DA:151,0
DA:152,0
DA:154,0
DA:160,0
DA:162,0
DA:163,0
DA:164,0
DA:165,0
DA:166,0
DA:172,0
DA:173,0
DA:174,0
DA:175,0
DA:176,0
DA:184,0
DA:186,0
LF:79
LH:0
end_of_record
SF:lib/widgets/comment_card.dart
DA:8,0
DA:14,0
DA:16,0
DA:18,0
DA:20,0
DA:22,0
DA:23,0
DA:24,0
DA:25,0
DA:26,0
DA:27,0
DA:29,0
DA:30,0
DA:34,0
DA:35,0
DA:37,0
DA:38,0
DA:39,0
DA:44,0
DA:45,0
DA:51,0
DA:53,0
DA:57,0
DA:59,0
DA:60,0
DA:61,0
DA:62,0
DA:73,0
DA:74,0
DA:75,0
DA:77,0
DA:78,0
DA:79,0
DA:80,0
DA:81,0
DA:82,0
DA:88,0
DA:89,0
DA:90,0
DA:91,0
DA:92,0
LF:41
LH:0
end_of_record
SF:lib/widgets/post_card.dart
DA:20,1
DA:38,1
DA:39,1
DA:41,0
DA:43,0
DA:44,0
DA:45,0
DA:46,0
DA:47,0
DA:48,0
DA:49,0
DA:51,0
DA:53,0
DA:54,0
DA:60,0
DA:62,0
DA:64,0
DA:65,0
DA:73,0
DA:76,0
DA:77,0
DA:82,0
DA:83,0
DA:84,0
DA:86,0
DA:87,0
DA:89,0
DA:91,0
DA:92,0
DA:98,0
DA:100,0
DA:102,0
DA:103,0
DA:117,1
DA:119,1
DA:121,1
DA:123,1
DA:124,1
DA:125,1
DA:126,1
DA:127,1
DA:128,0
DA:130,1
DA:134,2
DA:135,1
DA:136,2
DA:137,3
DA:140,2
DA:141,1
DA:143,2
DA:145,2
DA:146,1
DA:148,1
DA:153,1
DA:154,1
DA:155,1
DA:156,1
DA:157,1
DA:159,1
DA:161,3
DA:162,1
DA:164,1
DA:166,3
DA:167,1
DA:169,1
DA:179,1
DA:180,1
DA:181,1
DA:183,2
DA:184,0
DA:185,2
DA:186,0
DA:187,2
DA:188,0
LF:74
LH:40
end_of_record
SF:lib/widgets/stories_list.dart
DA:13,2
DA:15,1
DA:16,1
DA:23,1
DA:25,1
DA:26,1
DA:29,1
DA:30,1
DA:32,1
DA:33,2
DA:34,1
DA:39,3
DA:42,1
DA:43,1
DA:44,0
DA:45,0
DA:46,0
DA:48,0
DA:51,1
DA:52,2
DA:53,1
DA:57,0
DA:59,1
DA:60,2
DA:61,1
DA:67,0
DA:68,0
DA:69,0
DA:71,0
DA:73,0
DA:74,0
DA:77,0
DA:78,0
DA:82,0
DA:83,0
DA:89,1
DA:91,2
DA:92,3
DA:94,1
DA:97,1
DA:100,2
DA:101,1
DA:102,1
DA:103,1
DA:105,0
DA:106,0
DA:107,0
DA:113,1
DA:114,1
DA:117,1
DA:118,1
DA:119,1
DA:120,1
DA:121,1
DA:122,1
DA:124,1
DA:125,1
DA:130,1
DA:131,1
DA:135,1
DA:138,1
DA:139,1
DA:140,1
DA:167,0
DA:168,0
DA:170,0
DA:171,0
DA:173,0
DA:175,0
DA:176,0
DA:177,0
DA:178,0
DA:179,0
DA:180,0
DA:182,0
DA:184,0
DA:187,0
DA:188,0
DA:189,0
DA:191,0
DA:193,0
DA:194,0
DA:198,0
DA:199,0
DA:204,0
DA:205,0
LF:86
LH:45
end_of_record
SF:lib/screens/notifications_screen.dart
DA:12,2
DA:14,0
DA:15,0
DA:25,0
DA:27,0
DA:28,0
DA:29,0
DA:32,0
DA:33,0
DA:34,0
DA:35,0
DA:36,0
DA:37,0
DA:38,0
DA:39,0
DA:46,0
DA:48,0
DA:49,0
DA:52,0
DA:53,0
DA:54,0
DA:55,0
DA:59,0
DA:60,0
DA:61,0
DA:62,0
DA:65,0
DA:66,0
DA:67,0
DA:72,0
DA:74,0
DA:75,0
DA:76,0
DA:77,0
DA:78,0
DA:79,0
DA:80,0
DA:81,0
DA:83,0
DA:84,0
DA:85,0
DA:87,0
DA:89,0
DA:90,0
DA:96,0
DA:97,0
DA:98,0
DA:99,0
DA:107,0
DA:108,0
DA:111,0
DA:112,0
DA:113,0
DA:114,0
DA:115,0
DA:116,0
DA:117,0
DA:118,0
DA:119,0
DA:121,0
DA:122,0
DA:123,0
DA:128,0
DA:132,0
DA:133,0
DA:136,0
DA:137,0
DA:138,0
DA:139,0
DA:140,0
DA:145,0
DA:147,0
DA:148,0
DA:150,0
DA:151,0
DA:152,0
DA:153,0
DA:159,0
DA:161,0
DA:165,0
DA:166,0
DA:167,0
DA:168,0
DA:171,0
DA:172,0
DA:173,0
DA:174,0
DA:176,0
DA:177,0
DA:178,0
DA:179,0
DA:180,0
DA:182,0
DA:196,0
DA:201,0
DA:203,0
DA:205,0
DA:207,0
DA:209,0
DA:216,0
DA:218,0
DA:220,0
DA:222,0
DA:224,0
DA:231,0
DA:233,0
DA:234,0
DA:235,0
DA:237,0
DA:238,0
DA:239,0
DA:240,0
DA:241,0
DA:242,0
DA:244,0
DA:245,0
DA:246,0
DA:247,0
DA:248,0
DA:249,0
DA:253,0
DA:255,0
DA:256,0
DA:257,0
DA:258,0
DA:261,0
DA:262,0
DA:263,0
DA:264,0
DA:266,0
DA:267,0
DA:268,0
DA:271,0
DA:272,0
DA:275,0
DA:287,0
DA:288,0
DA:290,0
DA:291,0
DA:292,0
DA:294,0
DA:295,0
DA:296,0
DA:300,0
DA:301,0
DA:302,0
DA:303,0
DA:310,0
DA:312,0
DA:313,0
DA:314,0
DA:315,0
DA:326,0
DA:327,0
DA:328,0
DA:329,0
LF:156
LH:1
end_of_record
SF:lib/screens/user_profile_screen.dart
DA:11,0
DA:16,0
DA:17,0
DA:29,0
DA:30,0
DA:32,0
DA:34,0
DA:35,0
DA:38,0
DA:40,0
DA:41,0
DA:42,0
DA:43,0
DA:45,0
DA:47,0
DA:49,0
DA:51,0
DA:52,0
DA:53,0
DA:54,0
DA:59,0
DA:61,0
DA:62,0
DA:63,0
DA:68,0
DA:70,0
DA:71,0
DA:72,0
DA:73,0
DA:77,0
DA:81,0
DA:82,0
DA:84,0
DA:85,0
DA:86,0
DA:90,0
DA:91,0
DA:93,0
DA:94,0
DA:95,0
DA:96,0
DA:100,0
DA:102,0
DA:103,0
DA:104,0
DA:109,0
DA:110,0
DA:111,0
DA:113,0
DA:114,0
DA:117,0
DA:118,0
DA:119,0
DA:124,0
DA:125,0
DA:130,0
DA:131,0
DA:134,0
DA:135,0
DA:136,0
DA:139,0
DA:141,0
DA:142,0
DA:143,0
DA:144,0
DA:145,0
DA:150,0
DA:151,0
DA:154,0
DA:155,0
DA:160,0
DA:162,0
DA:168,0
DA:169,0
DA:170,0
DA:171,0
DA:172,0
DA:177,0
DA:178,0
DA:179,0
DA:186,0
DA:188,0
DA:189,0
DA:190,0
DA:191,0
DA:192,0
DA:194,0
DA:198,0
DA:200,0
DA:202,0
DA:203,0
DA:204,0
DA:206,0
DA:207,0
DA:209,0
DA:215,0
DA:216,0
DA:217,0
DA:221,0
DA:222,0
DA:223,0
DA:229,0
DA:230,0
DA:231,0
DA:233,0
DA:235,0
DA:236,0
DA:238,0
DA:241,0
DA:246,0
DA:247,0
DA:248,0
DA:249,0
DA:250,0
DA:251,0
DA:253,0
DA:255,0
DA:256,0
DA:258,0
DA:261,0
DA:262,0
DA:263,0
DA:264,0
DA:265,0
DA:266,0
DA:271,0
DA:272,0
DA:274,0
DA:275,0
DA:276,0
DA:277,0
DA:280,0
DA:281,0
DA:282,0
DA:283,0
DA:284,0
DA:285,0
DA:286,0
DA:288,0
DA:292,0
DA:293,0
DA:294,0
DA:307,0
DA:308,0
DA:309,0
DA:310,0
DA:312,0
DA:314,0
DA:316,0
LF:149
LH:0
end_of_record
SF:lib/screens/profile_screen.dart
DA:13,1
DA:15,1
DA:16,1
DA:29,1
DA:31,1
DA:32,3
DA:33,1
DA:36,1
DA:37,0
DA:38,0
DA:41,1
DA:42,1
DA:44,2
DA:45,1
DA:46,1
DA:49,3
DA:52,3
DA:53,4
DA:56,3
DA:59,2
DA:60,2
DA:63,1
DA:64,2
DA:65,1
DA:66,1
DA:67,2
DA:68,1
DA:71,0
DA:73,4
DA:77,0
DA:78,0
DA:79,0
DA:85,0
DA:87,0
DA:88,0
DA:89,0
DA:91,0
DA:93,0
DA:95,0
DA:97,0
DA:98,0
DA:100,0
DA:104,1
DA:106,2
DA:111,2
DA:113,1
DA:114,1
DA:115,2
DA:117,1
DA:118,1
DA:120,0
DA:124,1
DA:125,1
DA:126,1
DA:128,1
DA:130,1
DA:132,1
DA:134,1
DA:136,1
DA:138,1
DA:139,2
DA:140,1
DA:143,1
DA:144,0
DA:146,1
DA:150,1
DA:153,1
DA:154,1
DA:165,1
DA:166,1
DA:168,1
DA:169,2
DA:173,1
DA:174,2
DA:175,0
DA:190,1
DA:192,1
DA:193,0
DA:194,0
DA:196,0
DA:198,0
DA:200,0
DA:206,1
DA:207,1
DA:209,1
DA:211,1
DA:212,1
DA:214,1
DA:217,1
DA:218,1
DA:219,1
DA:221,1
DA:223,1
DA:233,1
DA:234,1
DA:236,1
DA:237,1
DA:238,2
DA:239,2
DA:240,1
DA:241,1
DA:242,2
DA:250,1
DA:251,2
DA:252,2
DA:253,1
DA:254,1
DA:255,2
DA:257,1
DA:258,1
DA:279,1
DA:281,1
DA:282,1
DA:283,1
DA:284,1
DA:285,0
DA:286,0
DA:287,0
DA:289,1
DA:302,1
DA:304,2
DA:305,3
DA:307,1
DA:308,3
DA:311,1
DA:312,2
DA:318,1
DA:320,1
DA:322,2
DA:323,2
DA:324,1
DA:325,2
DA:326,0
DA:328,1
DA:333,1
DA:335,1
DA:336,1
DA:337,1
DA:338,1
DA:339,2
DA:340,1
DA:342,2
DA:343,0
DA:344,1
DA:346,2
DA:347,4
DA:348,1
DA:350,2
DA:351,0
DA:354,1
DA:356,2
DA:357,2
DA:358,2
DA:359,1
DA:360,1
DA:361,0
DA:363,0
DA:364,0
DA:365,0
DA:366,0
DA:367,0
DA:371,0
DA:372,0
DA:373,0
DA:374,0
DA:381,1
DA:382,0
DA:384,0
DA:398,1
DA:400,1
DA:402,1
DA:403,1
DA:405,1
DA:407,1
DA:408,2
DA:410,1
DA:412,1
DA:413,2
DA:417,2
DA:431,1
DA:438,1
DA:440,1
DA:441,1
DA:443,1
DA:444,2
DA:446,1
DA:448,1
DA:449,1
DA:450,0
DA:453,0
DA:454,0
DA:455,0
DA:456,0
DA:458,0
DA:459,0
DA:471,1
DA:476,1
DA:477,1
DA:478,1
DA:479,1
DA:481,1
DA:482,1
DA:483,1
DA:485,1
DA:487,1
DA:488,1
DA:496,1
DA:498,1
DA:500,1
DA:501,2
DA:505,1
DA:507,1
DA:508,1
DA:510,1
DA:511,1
DA:512,0
DA:514,2
DA:517,1
DA:518,1
DA:523,0
DA:524,0
DA:526,0
DA:530,0
DA:531,0
DA:532,0
DA:555,1
DA:558,1
DA:560,1
DA:561,1
DA:562,1
DA:563,1
DA:564,1
DA:565,1
DA:568,1
DA:569,2
DA:570,2
DA:571,1
DA:580,1
DA:582,1
DA:584,2
DA:590,1
DA:599,2
DA:600,1
DA:601,2
DA:602,2
DA:603,3
DA:604,1
DA:605,1
DA:607,1
DA:608,1
DA:610,1
DA:611,1
DA:613,0
DA:614,1
DA:621,1
DA:622,1
DA:628,1
DA:629,1
DA:630,4
DA:644,1
DA:646,0
DA:648,0
DA:650,0
DA:652,0
DA:653,0
DA:664,1
DA:666,1
DA:668,2
DA:674,1
DA:677,2
DA:678,1
DA:679,2
DA:680,1
DA:684,2
DA:685,1
DA:686,1
DA:688,1
DA:690,1
DA:691,3
DA:696,4
DA:698,1
DA:699,7
DA:700,1
DA:702,0
DA:703,0
DA:705,0
DA:709,0
DA:710,0
DA:711,0
DA:713,0
DA:714,0
DA:715,0
DA:716,0
LF:293
LH:221
end_of_record
SF:lib/screens/edit_profile_screen.dart
DA:9,1
DA:11,1
DA:12,1
DA:29,1
DA:31,1
DA:32,2
DA:33,3
DA:34,3
DA:35,3
DA:36,1
DA:37,3
DA:38,1
DA:39,3
DA:40,2
DA:41,3
DA:42,2
DA:45,1
DA:47,2
DA:48,2
DA:49,2
DA:50,2
DA:51,2
DA:52,2
DA:53,1
DA:56,0
DA:57,0
DA:58,0
DA:66,0
DA:67,0
DA:72,1
DA:73,3
DA:74,3
DA:76,2
DA:80,4
DA:81,0
DA:82,0
DA:83,1
DA:84,3
DA:85,3
DA:86,4
DA:87,4
DA:93,1
DA:94,0
DA:98,1
DA:99,3
DA:100,3
DA:105,2
DA:106,1
DA:108,1
DA:110,3
DA:116,3
DA:118,0
DA:120,0
DA:121,0
DA:122,0
DA:127,4
DA:131,1
DA:133,2
DA:135,1
DA:136,1
DA:138,1
DA:139,1
DA:147,1
DA:148,1
DA:149,2
DA:150,1
DA:166,1
DA:167,1
DA:168,1
DA:169,1
DA:170,1
DA:172,1
DA:174,1
DA:176,1
DA:183,1
DA:184,1
DA:186,1
DA:192,1
DA:193,1
DA:194,1
DA:196,2
DA:199,1
DA:200,2
DA:207,1
DA:208,1
DA:209,1
DA:211,2
DA:236,1
DA:237,1
DA:239,1
DA:250,1
DA:251,1
DA:252,1
DA:254,2
DA:260,1
DA:261,1
DA:262,1
DA:264,2
DA:270,1
DA:271,1
DA:272,1
DA:274,2
DA:279,0
DA:280,0
DA:281,0
DA:283,0
DA:284,0
DA:292,1
DA:294,1
DA:295,1
DA:296,1
DA:297,1
DA:298,1
DA:317,1
DA:318,1
DA:320,1
DA:326,1
DA:327,1
DA:328,1
DA:329,1
DA:332,1
DA:334,1
DA:336,1
DA:337,1
DA:338,0
DA:339,0
DA:341,0
DA:342,0
DA:348,1
DA:349,0
DA:350,0
DA:351,0
DA:353,0
DA:354,0
DA:360,1
DA:366,1
DA:369,1
DA:370,1
DA:371,1
DA:386,1
DA:387,1
DA:390,1
DA:395,2
DA:398,1
DA:400,0
DA:401,0
DA:402,0
DA:403,0
DA:411,1
DA:412,1
DA:413,1
DA:414,1
DA:418,1
DA:419,1
LF:154
LH:124
end_of_record
SF:lib/widgets/user_status_dialog.dart
DA:9,1
DA:15,0
DA:16,0
DA:57,0
DA:59,0
DA:60,0
DA:61,0
DA:64,0
DA:66,0
DA:67,0
DA:70,0
DA:71,0
DA:74,0
DA:75,0
DA:76,0
DA:77,0
DA:79,0
DA:82,0
DA:83,0
DA:84,0
DA:92,0
DA:93,0
DA:94,0
DA:95,0
DA:101,0
DA:102,0
DA:107,0
DA:109,0
DA:110,0
DA:111,0
DA:113,0
DA:116,0
DA:119,0
DA:138,0
DA:140,0
DA:141,0
DA:148,0
DA:149,0
DA:150,0
DA:152,0
DA:154,0
DA:155,0
DA:156,0
DA:157,0
DA:160,0
DA:161,0
DA:163,0
DA:165,0
DA:167,0
DA:168,0
DA:175,0
DA:176,0
DA:177,0
DA:179,0
DA:180,0
DA:183,0
DA:184,0
DA:185,0
DA:190,0
DA:191,0
DA:192,0
DA:193,0
DA:205,0
DA:216,0
DA:219,0
DA:220,0
DA:223,0
DA:226,0
DA:227,0
DA:234,0
DA:237,0
DA:239,0
DA:240,0
DA:242,0
DA:246,0
DA:247,0
DA:248,0
DA:255,0
DA:256,0
DA:259,0
LF:80
LH:1
end_of_record
SF:lib/screens/riders_map_screen.dart
DA:16,1
DA:18,2
DA:19,2
DA:41,2
DA:43,2
DA:44,6
DA:45,6
DA:46,6
DA:47,2
DA:50,6
DA:51,2
DA:55,2
DA:57,4
DA:58,4
DA:59,2
DA:60,2
DA:63,2
DA:64,4
DA:65,4
DA:66,4
DA:70,2
DA:71,8
DA:72,0
DA:73,0
DA:74,0
DA:75,0
DA:76,0
DA:77,0
DA:80,0
DA:81,0
DA:91,2
DA:92,4
DA:93,2
DA:94,2
DA:99,4
DA:101,0
DA:102,0
DA:103,0
DA:104,0
DA:109,4
DA:111,4
DA:112,2
DA:113,8
DA:120,2
DA:123,4
DA:124,0
DA:127,0
DA:128,0
DA:131,4
DA:132,2
DA:137,2
DA:140,2
DA:143,4
DA:144,2
DA:145,2
DA:149,4
DA:150,2
DA:153,2
DA:155,0
DA:159,2
DA:160,2
DA:161,4
DA:162,4
DA:163,4
DA:164,2
DA:168,0
DA:170,0
DA:171,0
DA:172,0
DA:173,0
DA:177,0
DA:178,0
DA:179,0
DA:184,0
DA:185,0
DA:190,0
DA:192,0
DA:193,0
DA:194,0
DA:196,0
DA:197,0
DA:198,0
DA:204,0
DA:205,0
DA:210,0
DA:212,0
DA:214,0
DA:215,0
DA:216,0
DA:219,0
DA:222,0
DA:224,0
DA:227,0
DA:228,0
DA:233,0
DA:234,0
DA:235,0
DA:236,0
DA:241,0
DA:243,0
DA:245,0
DA:246,0
DA:248,0
DA:249,0
DA:250,0
DA:251,0
DA:253,0
DA:254,0
DA:259,0
DA:260,0
DA:266,0
DA:267,0
DA:268,0
DA:270,0
DA:276,0
DA:277,0
DA:279,0
DA:281,0
DA:283,0
DA:284,0
DA:288,0
DA:289,0
DA:290,0
DA:298,0
DA:301,0
DA:302,0
DA:304,0
DA:305,0
DA:306,0
DA:308,0
DA:310,0
DA:313,0
DA:314,0
DA:321,0
DA:323,0
DA:325,0
DA:326,0
DA:327,0
DA:328,0
DA:330,0
DA:331,0
DA:332,0
DA:336,0
DA:340,0
DA:341,0
DA:356,0
DA:357,0
DA:358,0
DA:359,0
DA:360,0
DA:361,0
DA:365,2
DA:367,2
DA:368,2
DA:369,2
DA:370,6
DA:373,2
DA:374,2
DA:376,2
DA:380,2
DA:381,2
DA:382,2
DA:383,2
DA:384,2
DA:385,2
DA:386,2
DA:389,2
DA:390,2
DA:396,2
DA:397,2
DA:398,2
DA:399,2
DA:401,10
DA:414,2
DA:415,6
DA:416,2
DA:417,2
DA:418,2
DA:419,2
DA:420,2
DA:424,2
DA:425,0
DA:426,2
DA:427,2
DA:429,2
DA:430,2
DA:432,2
DA:437,2
DA:442,2
DA:444,2
DA:446,2
DA:447,2
DA:460,2
DA:466,2
DA:469,2
DA:470,2
DA:471,2
DA:473,2
DA:478,2
DA:480,2
DA:481,2
DA:482,2
DA:483,2
DA:488,2
DA:490,2
DA:491,2
DA:492,2
DA:493,2
DA:502,2
DA:506,2
DA:508,2
DA:510,2
DA:511,2
DA:514,2
DA:515,6
DA:522,2
DA:523,0
DA:528,0
DA:530,0
LF:219
LH:113
end_of_record
SF:lib/screens/login_screen.dart
DA:7,1
DA:9,1
DA:10,1
DA:21,1
DA:23,1
DA:24,3
DA:27,1
DA:29,2
DA:30,2
DA:31,1
DA:34,1
DA:35,3
DA:36,2
DA:37,1
DA:38,1
DA:42,6
DA:43,1
DA:44,2
DA:47,2
DA:48,2
DA:51,1
DA:52,2
DA:53,1
DA:60,1
DA:62,1
DA:64,1
DA:65,1
DA:67,1
DA:68,1
DA:69,1
DA:72,1
DA:74,1
DA:77,1
DA:80,1
DA:81,1
DA:82,1
DA:95,1
DA:97,4
DA:104,1
DA:106,4
DA:113,1
DA:114,1
DA:120,1
DA:121,1
DA:124,1
DA:132,1
DA:133,1
DA:139,1
DA:140,1
DA:143,2
DA:151,1
DA:152,1
DA:154,1
DA:155,1
DA:156,1
DA:157,3
DA:163,1
DA:164,2
DA:165,1
DA:176,1
DA:178,1
DA:179,1
DA:180,2
LF:63
LH:63
end_of_record
SF:lib/screens/search_screen.dart
DA:8,1
DA:10,1
DA:11,1
DA:21,1
DA:23,1
DA:24,3
DA:27,1
DA:28,2
DA:30,1
DA:31,1
DA:32,0
DA:33,0
DA:34,0
DA:39,2
DA:40,1
DA:41,1
DA:45,2
DA:46,1
DA:47,2
DA:48,1
DA:49,1
DA:53,1
DA:54,2
DA:55,2
DA:56,1
DA:62,1
DA:64,2
DA:65,1
DA:68,1
DA:70,1
DA:71,1
DA:72,1
DA:73,1
DA:74,1
DA:77,2
DA:80,1
DA:81,1
DA:85,1
DA:87,1
DA:88,1
DA:90,2
DA:91,2
DA:92,1
DA:93,1
DA:94,3
DA:97,2
DA:100,1
DA:101,2
DA:102,1
DA:103,2
DA:105,2
DA:106,1
DA:107,1
DA:108,1
DA:109,0
DA:111,1
DA:115,2
DA:116,2
DA:117,0
DA:118,0
DA:120,0
DA:121,0
DA:122,0
LF:63
LH:54
end_of_record
SF:lib/screens/register_screen.dart
DA:6,1
DA:8,1
DA:9,1
DA:24,1
DA:26,2
DA:27,2
DA:28,2
DA:29,2
DA:30,2
DA:31,1
DA:34,1
DA:35,3
DA:36,2
DA:37,1
DA:38,1
DA:42,3
DA:43,2
DA:44,2
DA:45,2
DA:46,2
DA:48,1
DA:49,2
DA:52,0
DA:53,0
DA:56,1
DA:57,2
DA:58,1
DA:65,1
DA:68,1
DA:69,1
DA:72,1
DA:73,1
DA:74,1
DA:76,1
DA:77,1
DA:78,1
DA:81,1
DA:83,1
DA:84,1
DA:90,1
DA:91,1
DA:94,2
DA:103,1
DA:104,1
DA:110,1
DA:111,1
DA:114,2
DA:123,1
DA:124,1
DA:131,1
DA:132,1
DA:135,1
DA:144,1
DA:145,1
DA:146,1
DA:147,1
DA:150,1
DA:151,1
DA:152,1
DA:156,0
DA:157,0
DA:158,0
DA:164,1
DA:165,1
DA:168,2
DA:177,1
DA:178,1
DA:179,1
DA:180,1
DA:183,1
DA:184,1
DA:185,1
DA:189,0
DA:190,0
DA:191,0
DA:197,1
DA:198,1
DA:201,3
DA:210,1
DA:211,2
DA:212,1
DA:214,1
DA:215,1
DA:218,1
DA:228,1
DA:229,0
DA:230,0
DA:236,1
DA:237,0
DA:239,0
DA:240,0
LF:91
LH:78
end_of_record
SF:lib/screens/create_post_screen.dart
DA:8,1
DA:10,1
DA:11,1
DA:39,1
DA:41,2
DA:42,2
DA:43,1
DA:46,1
DA:48,1
DA:49,2
DA:50,3
DA:51,2
DA:53,2
DA:54,3
DA:55,4
DA:56,1
DA:58,1
DA:64,0
DA:65,0
DA:66,0
DA:75,0
DA:76,0
DA:84,0
DA:85,0
DA:90,0
DA:91,0
DA:92,0
DA:93,0
DA:102,0
DA:103,0
DA:109,0
DA:110,0
DA:112,0
DA:115,0
DA:116,0
DA:117,0
DA:118,0
DA:119,0
DA:127,1
DA:128,2
DA:129,3
DA:131,3
DA:132,2
DA:133,3
DA:134,4
DA:136,2
DA:137,1
DA:141,0
DA:142,0
DA:143,0
DA:144,0
DA:145,0
DA:147,0
DA:150,0
DA:156,0
DA:159,0
DA:160,0
DA:161,0
DA:163,0
DA:166,0
DA:169,0
DA:170,0
DA:171,0
DA:173,0
DA:176,0
DA:179,0
DA:180,0
DA:181,0
DA:183,0
DA:186,0
DA:187,0
DA:190,0
DA:191,0
DA:192,0
DA:194,0
DA:204,1
DA:205,3
DA:206,4
DA:207,0
DA:216,2
DA:217,1
DA:218,1
DA:222,2
DA:223,2
DA:225,0
DA:227,0
DA:229,1
DA:231,1
DA:232,3
DA:236,1
DA:237,3
DA:243,2
DA:246,0
DA:247,0
DA:248,0
DA:249,0
DA:251,0
DA:255,0
DA:256,0
DA:257,0
DA:262,1
DA:263,2
DA:264,1
DA:270,1
DA:272,3
DA:275,1
DA:277,3
DA:278,1
DA:280,1
DA:282,1
DA:286,1
DA:287,1
DA:293,1
DA:295,1
DA:296,1
DA:297,1
DA:300,1
DA:301,0
DA:304,1
DA:309,1
DA:310,1
DA:311,1
DA:312,1
DA:314,1
DA:320,1
DA:322,1
DA:323,1
DA:324,1
DA:325,1
DA:326,1
DA:327,1
DA:329,1
DA:331,1
DA:332,1
DA:335,1
DA:336,1
DA:339,2
DA:340,1
DA:341,1
DA:343,2
DA:345,1
DA:346,1
DA:348,2
DA:350,1
DA:351,1
DA:353,3
DA:358,2
DA:366,1
DA:369,1
DA:371,1
DA:372,1
DA:373,0
DA:374,0
DA:375,0
DA:377,0
DA:379,0
DA:380,0
DA:381,0
DA:382,0
DA:389,1
DA:390,1
DA:391,1
DA:392,1
DA:395,1
DA:406,2
DA:408,1
DA:410,1
DA:412,1
DA:414,2
DA:416,1
DA:418,1
DA:419,1
DA:421,1
DA:428,1
DA:431,3
DA:432,1
DA:433,2
DA:434,1
DA:437,1
DA:438,1
DA:439,1
DA:440,1
DA:441,1
DA:442,1
DA:443,1
DA:444,1
DA:445,1
DA:448,1
DA:450,1
DA:451,2
DA:457,1
DA:463,1
DA:466,2
DA:467,0
DA:469,0
DA:470,0
DA:472,0
DA:478,0
DA:479,0
DA:481,0
DA:486,0
DA:488,0
DA:490,0
DA:491,0
DA:492,0
DA:493,0
DA:494,0
DA:496,0
DA:497,0
DA:498,0
DA:499,0
DA:500,0
DA:501,0
DA:502,0
DA:503,0
DA:520,0
DA:523,0
DA:524,0
DA:525,0
DA:528,0
DA:531,0
DA:532,0
DA:533,0
DA:548,1
DA:549,1
DA:550,1
DA:551,1
DA:552,1
DA:555,1
DA:557,1
DA:558,1
DA:559,1
DA:560,1
DA:567,1
DA:568,1
DA:569,1
DA:572,1
DA:574,1
DA:575,1
DA:576,1
DA:577,1
DA:585,1
DA:586,1
DA:587,1
DA:588,3
DA:589,1
DA:590,1
DA:597,1
DA:598,0
DA:600,0
DA:601,0
DA:602,0
DA:603,0
DA:613,1
DA:615,1
DA:617,1
DA:618,1
DA:619,1
DA:625,1
DA:628,1
DA:629,1
DA:630,4
DA:631,2
DA:633,1
DA:634,1
DA:635,2
DA:637,1
DA:638,1
DA:641,1
DA:662,1
DA:664,3
DA:666,1
DA:668,1
DA:670,1
DA:672,1
DA:674,1
DA:676,1
DA:678,1
DA:679,1
DA:680,1
DA:681,1
DA:683,2
DA:687,1
DA:688,1
DA:690,1
DA:691,1
DA:693,1
DA:699,1
DA:700,1
DA:701,1
DA:703,1
DA:704,1
DA:708,1
DA:709,0
DA:711,0
DA:712,0
DA:716,0
DA:719,0
DA:721,0
DA:722,0
DA:723,0
DA:724,0
DA:736,5
DA:738,1
DA:739,2
DA:740,1
DA:746,2
DA:748,0
DA:750,0
DA:752,0
DA:753,0
DA:754,0
DA:756,0
DA:757,0
DA:758,0
DA:759,0
DA:760,0
DA:761,0
DA:762,0
DA:763,0
DA:768,0
DA:770,0
DA:783,1
DA:784,1
DA:786,1
DA:787,1
DA:788,1
DA:789,1
DA:796,1
DA:798,1
DA:799,1
DA:800,1
DA:801,1
DA:802,1
DA:805,1
DA:806,1
DA:807,1
DA:809,1
DA:812,1
DA:813,1
DA:815,1
DA:816,1
DA:828,1
DA:829,1
DA:830,1
DA:831,2
DA:833,1
DA:835,1
DA:836,1
LF:349
LH:221
end_of_record
SF:lib/screens/grouprides_screen.dart
DA:15,1
DA:17,2
DA:18,2
DA:22,2
DA:24,2
DA:26,2
DA:27,2
DA:38,2
DA:39,2
DA:48,2
DA:49,1
DA:50,1
DA:59,1
DA:60,1
DA:66,2
DA:67,1
DA:69,1
DA:70,1
DA:74,0
DA:75,0
DA:76,0
DA:78,0
DA:83,1
DA:88,0
DA:89,0
DA:90,0
DA:92,0
DA:106,1
DA:108,2
DA:109,2
DA:117,2
DA:119,2
DA:120,2
DA:123,2
DA:124,4
DA:125,2
DA:126,2
DA:130,6
DA:131,2
DA:132,4
DA:133,2
DA:137,0
DA:138,0
DA:139,0
DA:143,2
DA:144,4
DA:145,2
DA:151,2
DA:153,2
DA:154,2
DA:155,2
DA:156,6
DA:158,2
DA:159,2
DA:160,2
DA:161,2
DA:163,4
DA:164,2
DA:165,2
DA:166,0
DA:167,0
DA:169,0
DA:170,0
DA:171,0
DA:183,1
DA:185,1
DA:186,1
DA:194,1
DA:196,1
DA:197,1
DA:200,1
DA:201,2
DA:202,1
DA:203,1
DA:207,3
DA:208,1
DA:209,2
DA:210,1
DA:214,0
DA:215,0
DA:216,0
DA:220,1
DA:221,2
DA:222,1
DA:228,1
DA:230,1
DA:231,1
DA:232,1
DA:233,3
DA:235,1
DA:236,1
DA:237,1
DA:238,1
DA:240,2
DA:241,1
DA:242,2
DA:243,1
DA:245,1
DA:250,2
DA:252,2
DA:254,0
DA:255,0
DA:257,0
DA:258,0
DA:259,0
DA:260,0
DA:264,0
LF:107
LH:81
end_of_record
SF:lib/screens/create_group_screen.dart
DA:11,1
DA:13,0
DA:14,0
DA:32,0
DA:34,0
DA:35,0
DA:36,0
DA:37,0
DA:38,0
DA:41,0
DA:42,0
DA:43,0
DA:44,0
DA:45,0
DA:47,0
DA:48,0
DA:54,0
DA:55,0
DA:57,0
DA:58,0
DA:59,0
DA:60,0
DA:61,0
DA:62,0
DA:63,0
DA:64,0
DA:65,0
DA:69,0
DA:71,0
DA:75,0
DA:76,0
DA:78,0
DA:81,0
DA:82,0
DA:83,0
DA:84,0
DA:87,0
DA:90,0
DA:91,0
DA:94,0
DA:96,0
DA:98,0
DA:103,0
DA:104,0
DA:107,0
DA:108,0
DA:109,0
DA:113,0
DA:117,0
DA:119,0
DA:120,0
DA:122,0
DA:123,0
DA:124,0
DA:125,0
DA:137,0
DA:139,0
DA:140,0
DA:141,0
DA:143,0
DA:145,0
DA:146,0
DA:147,0
DA:151,0
DA:152,0
DA:154,0
DA:155,0
DA:158,0
DA:159,0
DA:161,0
DA:165,0
DA:166,0
DA:170,0
DA:173,0
DA:174,0
DA:187,0
DA:188,0
DA:191,0
DA:192,0
DA:193,0
DA:194,0
DA:196,0
DA:198,0
DA:199,0
DA:200,0
DA:204,0
DA:207,0
DA:210,0
DA:213,0
DA:214,0
DA:215,0
DA:216,0
DA:221,0
DA:222,0
DA:223,0
DA:231,0
DA:234,0
DA:235,0
DA:237,0
DA:239,0
DA:241,0
DA:243,0
DA:244,0
DA:245,0
DA:246,0
DA:247,0
DA:248,0
DA:249,0
DA:250,0
DA:251,0
DA:254,0
DA:255,0
DA:256,0
DA:257,0
DA:258,0
LF:115
LH:1
end_of_record
SF:lib/screens/create_route_screen.dart
DA:9,1
DA:11,0
DA:12,0
DA:23,0
DA:24,0
DA:25,0
DA:29,0
DA:30,0
DA:31,0
DA:32,0
DA:37,0
DA:38,0
DA:39,0
DA:40,0
DA:46,0
DA:49,0
DA:50,0
DA:51,0
DA:52,0
DA:53,0
DA:54,0
DA:56,0
DA:61,0
DA:62,0
DA:63,0
DA:65,0
DA:68,0
DA:69,0
DA:72,0
DA:75,0
DA:76,0
DA:77,0
DA:81,0
DA:85,0
DA:87,0
DA:88,0
DA:90,0
DA:91,0
DA:92,0
DA:94,0
DA:99,0
DA:100,0
DA:101,0
DA:102,0
DA:103,0
DA:105,0
DA:106,0
DA:107,0
DA:108,0
DA:113,0
DA:116,0
DA:117,0
DA:123,0
DA:124,0
DA:126,0
DA:127,0
DA:128,0
DA:144,0
DA:145,0
DA:146,0
DA:147,0
DA:148,0
DA:151,0
DA:153,0
DA:154,0
DA:159,0
DA:160,0
DA:161,0
DA:162,0
DA:163,0
DA:169,0
DA:170,0
DA:171,0
DA:172,0
DA:173,0
DA:174,0
DA:175,0
DA:177,0
DA:181,0
DA:195,0
DA:199,0
DA:200,0
DA:210,0
DA:211,0
LF:84
LH:1
end_of_record
SF:lib/widgets/route_card.dart
DA:9,1
DA:15,1
DA:17,1
DA:20,2
DA:21,1
DA:22,1
DA:23,1
DA:24,1
DA:26,1
DA:28,1
DA:30,1
DA:31,1
DA:32,1
DA:34,3
DA:35,0
DA:37,3
DA:42,1
DA:43,1
DA:45,1
DA:46,1
DA:47,2
DA:54,1
DA:55,4
DA:56,1
DA:57,1
DA:64,2
DA:65,0
DA:71,1
DA:73,1
DA:75,1
DA:76,1
DA:78,4
DA:81,1
DA:83,4
DA:86,1
DA:88,4
DA:96,5
DA:97,1
DA:99,1
DA:100,2
DA:101,2
DA:112,1
DA:113,1
DA:114,1
DA:115,1
DA:117,1
DA:124,1
DA:126,1
DA:127,1
LF:49
LH:47
end_of_record
SF:lib/screens/explore_screen_new.dart
DA:9,1
DA:11,1
DA:12,1
DA:18,1
DA:20,1
DA:21,2
DA:24,1
DA:26,2
DA:27,1
DA:30,1
DA:32,1
DA:33,1
DA:35,1
DA:36,1
DA:61,1
DA:62,1
LF:16
LH:16
end_of_record
SF:lib/screens/riders_explore_tab.dart
DA:11,1
DA:13,1
DA:14,1
DA:27,1
DA:29,1
DA:30,1
DA:31,3
DA:34,1
DA:36,2
DA:37,2
DA:38,1
DA:39,1
DA:42,0
DA:43,0
DA:44,0
DA:45,0
DA:49,0
DA:50,0
DA:51,0
DA:52,0
DA:54,0
DA:55,0
DA:56,0
DA:57,0
DA:58,0
DA:59,0
DA:60,0
DA:61,0
DA:62,0
DA:67,1
DA:68,2
DA:69,1
DA:70,1
DA:74,2
DA:76,1
DA:78,2
DA:79,1
DA:80,2
DA:81,1
DA:84,0
DA:85,0
DA:86,0
DA:91,0
DA:93,0
DA:94,0
DA:97,0
DA:98,0
DA:99,0
DA:100,0
DA:101,0
DA:102,0
DA:103,0
DA:104,0
DA:105,0
DA:106,0
DA:107,0
DA:108,0
DA:109,0
DA:110,0
DA:111,0
DA:112,0
DA:115,0
DA:118,0
DA:119,0
DA:120,0
DA:121,0
DA:128,0
DA:129,0
DA:130,0
DA:131,0
DA:139,0
DA:141,0
DA:142,0
DA:145,0
DA:146,0
DA:147,0
DA:148,0
DA:149,0
DA:150,0
DA:151,0
DA:152,0
DA:153,0
DA:154,0
DA:155,0
DA:156,0
DA:157,0
DA:158,0
DA:159,0
DA:160,0
DA:161,0
DA:164,0
DA:167,0
DA:168,0
DA:169,0
DA:170,0
DA:177,0
DA:178,0
DA:179,0
DA:180,0
DA:188,1
DA:190,3
DA:191,3
DA:193,1
DA:194,1
DA:196,1
DA:198,1
DA:200,1
DA:201,1
DA:202,1
DA:208,1
DA:209,1
DA:210,1
DA:211,1
DA:212,1
DA:213,2
DA:214,0
DA:219,1
DA:220,1
DA:221,1
DA:222,1
DA:224,1
DA:225,1
DA:227,1
DA:229,2
DA:230,0
DA:233,3
DA:234,0
DA:236,0
DA:237,0
DA:238,0
DA:248,0
DA:249,0
DA:256,1
DA:257,1
DA:259,1
DA:260,0
DA:261,0
DA:263,0
DA:264,0
DA:267,0
DA:270,0
DA:272,0
DA:275,0
DA:279,0
DA:280,0
DA:281,0
DA:285,0
DA:286,0
DA:293,2
DA:294,1
DA:295,1
DA:297,1
DA:298,1
DA:299,3
DA:303,1
DA:306,1
DA:307,3
DA:310,1
DA:313,1
DA:317,1
DA:318,3
DA:321,2
DA:326,0
DA:327,0
DA:328,0
DA:330,0
DA:331,0
DA:332,0
DA:333,0
DA:334,0
DA:336,0
DA:341,0
DA:345,0
DA:346,0
DA:347,0
DA:348,0
DA:354,0
DA:359,0
DA:360,0
DA:361,0
DA:362,0
DA:366,0
DA:367,0
DA:368,0
DA:369,0
DA:370,0
DA:378,0
DA:380,0
DA:385,0
DA:386,0
DA:387,0
DA:388,0
DA:389,0
DA:391,0
DA:393,0
DA:396,0
DA:403,0
DA:405,0
DA:406,0
DA:407,0
DA:408,0
DA:409,0
DA:413,0
DA:415,0
DA:416,0
DA:417,0
DA:418,0
DA:425,0
DA:426,0
DA:427,0
DA:428,0
DA:431,0
DA:434,0
DA:435,0
DA:436,0
DA:438,0
DA:441,0
DA:443,0
DA:446,0
DA:449,0
DA:450,0
DA:451,0
DA:453,0
DA:463,0
DA:465,0
DA:466,0
DA:467,0
DA:469,0
DA:470,0
DA:478,0
DA:479,0
DA:482,0
DA:490,0
DA:491,0
DA:493,0
DA:494,0
DA:495,0
LF:237
LH:64
end_of_record
SF:lib/screens/map_pins_tab.dart
DA:10,1
DA:12,1
DA:13,1
DA:18,1
DA:41,1
DA:43,1
DA:44,5
DA:45,3
DA:48,3
DA:49,2
DA:50,1
DA:51,2
DA:52,2
DA:55,1
DA:59,1
DA:61,2
DA:62,1
DA:65,0
DA:66,0
DA:67,0
DA:68,0
DA:69,0
DA:70,0
DA:72,0
DA:76,0
DA:77,0
DA:79,0
DA:80,0
DA:83,0
DA:84,0
DA:85,0
DA:86,0
DA:87,0
DA:88,0
DA:94,0
DA:95,0
DA:96,0
DA:97,0
DA:101,0
DA:103,0
DA:106,0
DA:107,0
DA:108,0
DA:111,0
DA:112,0
DA:115,0
DA:116,0
DA:119,0
DA:120,0
DA:122,0
DA:123,0
DA:124,0
DA:125,0
DA:127,0
DA:130,0
DA:131,0
DA:132,0
DA:136,0
DA:137,0
DA:138,0
DA:144,0
DA:145,0
DA:146,0
DA:147,0
DA:149,0
DA:152,0
DA:155,1
DA:157,1
DA:159,1
DA:161,1
DA:163,1
DA:165,1
DA:172,0
DA:174,0
DA:176,0
DA:178,0
DA:180,0
DA:182,0
DA:189,1
DA:191,1
DA:193,1
DA:194,1
DA:195,1
DA:196,1
DA:197,1
DA:199,1
DA:200,1
DA:201,1
DA:203,1
DA:207,3
DA:208,3
DA:209,1
DA:211,1
DA:212,2
DA:214,0
DA:215,3
DA:219,1
DA:220,1
DA:222,1
DA:224,1
DA:226,2
DA:227,0
DA:228,0
DA:229,0
DA:231,0
DA:238,1
DA:239,0
DA:241,0
DA:242,0
DA:243,0
DA:246,1
DA:247,1
DA:248,1
DA:249,1
DA:250,1
DA:251,1
DA:256,1
DA:257,3
DA:258,4
DA:261,1
DA:262,1
DA:267,1
DA:269,1
DA:270,0
DA:271,0
DA:274,0
DA:275,0
DA:276,0
DA:278,0
DA:284,1
DA:288,1
DA:291,1
DA:292,1
DA:293,1
DA:295,0
DA:297,3
DA:301,1
DA:303,2
DA:304,1
DA:317,0
DA:323,0
DA:327,0
DA:328,0
DA:329,0
DA:331,0
DA:339,1
DA:341,1
DA:342,1
DA:343,1
DA:347,0
DA:351,0
DA:352,0
DA:353,0
DA:355,0
DA:356,0
DA:357,0
DA:358,0
DA:359,0
DA:362,0
DA:364,0
DA:365,0
DA:366,0
DA:367,0
DA:368,0
DA:370,0
DA:371,0
DA:372,0
DA:383,0
DA:384,0
DA:385,0
DA:386,0
DA:395,0
DA:396,0
DA:411,0
DA:417,0
DA:418,0
DA:438,0
DA:440,0
DA:441,0
DA:442,0
DA:445,0
DA:446,0
DA:448,0
DA:451,0
DA:452,0
DA:453,0
DA:454,0
DA:455,0
DA:456,0
DA:457,0
DA:458,0
DA:461,0
DA:462,0
DA:463,0
DA:464,0
DA:472,0
DA:473,0
DA:474,0
DA:475,0
DA:481,0
DA:482,0
DA:487,0
DA:489,0
DA:490,0
DA:491,0
DA:494,0
DA:495,0
DA:497,0
DA:499,0
DA:500,0
DA:501,0
DA:504,0
DA:505,0
DA:507,0
DA:512,0
DA:514,0
DA:521,0
DA:522,0
DA:527,0
DA:528,0
DA:529,0
DA:530,0
DA:532,0
DA:533,0
DA:535,0
DA:542,0
DA:543,0
DA:549,0
DA:550,0
DA:559,0
DA:560,0
DA:571,0
DA:573,0
DA:574,0
DA:575,0
DA:577,0
DA:579,0
DA:585,0
DA:586,0
DA:589,0
DA:590,0
DA:599,0
DA:602,0
DA:603,0
DA:609,0
DA:610,0
DA:611,0
DA:614,0
LF:248
LH:72
end_of_record
SF:lib/screens/group_rides_tab.dart
DA:5,1
DA:7,1
LF:2
LH:2
end_of_record
